.\Debug\WestWorldWithMessaging.pdb
C:\Mockup\WestWorldWithMessaging\.\Debug\WestWorldWithMessaging.exe.intermediate.manifest
C:\MOCKUP\WESTWORLDWITHMESSAGING\DEBUG\BASEGAMEENTITY.OBJ
C:\MOCKUP\WESTWORLDWITHMESSAGING\DEBUG\BASEGAMEENTITY.SBR
C:\Mockup\WestWorldWithMessaging\Debug\cl.command.1.tlog
C:\Mockup\WestWorldWithMessaging\Debug\CL.read.1.tlog
C:\Mockup\WestWorldWithMessaging\Debug\CL.write.1.tlog
C:\MOCKUP\WESTWORLDWITHMESSAGING\DEBUG\CRUDETIMER.OBJ
C:\MOCKUP\WESTWORLDWITHMESSAGING\DEBUG\CRUDETIMER.SBR
C:\MOCKUP\WESTWORLDWITHMESSAGING\DEBUG\ENTITYMANAGER.OBJ
C:\MOCKUP\WESTWORLDWITHMESSAGING\DEBUG\ENTITYMANAGER.SBR
C:\Mockup\WestWorldWithMessaging\Debug\link.command.1.tlog
C:\Mockup\WestWorldWithMessaging\Debug\link.read.1.tlog
C:\Mockup\WestWorldWithMessaging\Debug\link.write.1.tlog
C:\MOCKUP\WESTWORLDWITHMESSAGING\DEBUG\MAIN.OBJ
C:\MOCKUP\WESTWORLDWITHMESSAGING\DEBUG\MAIN.SBR
C:\MOCKUP\WESTWORLDWITHMESSAGING\DEBUG\MESSAGEDISPATCHER.OBJ
C:\MOCKUP\WESTWORLDWITHMESSAGING\DEBUG\MESSAGEDISPATCHER.SBR
C:\MOCKUP\WESTWORLDWITHMESSAGING\DEBUG\MINER.OBJ
C:\MOCKUP\WESTWORLDWITHMESSAGING\DEBUG\MINER.SBR
C:\MOCKUP\WESTWORLDWITHMESSAGING\DEBUG\MINEROWNEDSTATES.OBJ
C:\MOCKUP\WESTWORLDWITHMESSAGING\DEBUG\MINEROWNEDSTATES.SBR
C:\MOCKUP\WESTWORLDWITHMESSAGING\DEBUG\MINERSWIFE.OBJ
C:\MOCKUP\WESTWORLDWITHMESSAGING\DEBUG\MINERSWIFE.SBR
C:\MOCKUP\WESTWORLDWITHMESSAGING\DEBUG\MINERSWIFEOWNEDSTATES.OBJ
C:\MOCKUP\WESTWORLDWITHMESSAGING\DEBUG\MINERSWIFEOWNEDSTATES.SBR
C:\Mockup\WestWorldWithMessaging\Debug\vc100.idb
C:\MOCKUP\WESTWORLDWITHMESSAGING\DEBUG\VC100.PDB
C:\Mockup\WestWorldWithMessaging\Debug\WestWorldWithMessaging.exe.intermediate.manifest
C:\Mockup\WestWorldWithMessaging\Debug\WestWorldWithMessaging.pdb
C:\Mockup\WestWorldWithMessaging\Debug\WestWorldWithMessaging.write.1.tlog
