Build started 18/09/2017 17:07:53.
     1>Project "C:\Mockup\WestWorldWithMessaging\WestWorldWithMessaging.vcxproj" on node 2 (build target(s)).
     1>InitializeBuildStatus:
         Touching ".\Debug\WestWorldWithMessaging.unsuccessfulbuild".
       ClCompile:
         C:\Program Files (x86)\Microsoft Visual Studio 10.0\VC\bin\CL.exe /c /IC:\Mockup\WestWorldWithMessaging\Common /I"C:\Mockup\WestWorldWithMessaging\SFML-2.3.2\include" /ZI /nologo /W3 /WX- /Od /Oy- /D WIN32 /D _DEBUG /D _CONSOLE /D _VC80_UPGRADE=0x0600 /D _MBCS /Gm /EHsc /RTC1 /MTd /GS /fp:precise /Zc:wchar_t /Zc:forScope /GR /Fo".\Debug/" /Fd".\Debug/vc100.pdb" /FR".\Debug\\" /Gd /TP /analyze- /errorReport:prompt main.cpp
         main.cpp
       Link:
         C:\Program Files (x86)\Microsoft Visual Studio 10.0\VC\bin\link.exe /ERRORREPORT:PROMPT /OUT:".\Debug/WestWorldWithMessaging.exe" /INCREMENTAL:NO /NOLOGO /LIBPATH:"C:\Mockup\WestWorldWithMessaging\SFML-2.3.2\lib" "sfml-graphics-d.lib" "sfml-window-d.lib" "sfml-system-d.lib" kernel32.lib user32.lib gdi32.lib winspool.lib comdlg32.lib advapi32.lib shell32.lib ole32.lib oleaut32.lib uuid.lib odbc32.lib odbccp32.lib /MANIFEST /ManifestFile:".\Debug\WestWorldWithMessaging.exe.intermediate.manifest" /MANIFESTUAC:"level='asInvoker' uiAccess='false'" /DEBUG /PDB:".\Debug/WestWorldWithMessaging.pdb" /SUBSYSTEM:CONSOLE /TLBID:1 /DYNAMICBASE /NXCOMPAT /IMPLIB:".\Debug\WestWorldWithMessaging.lib" /MACHINE:X86 .\Debug/BaseGameEntity.obj
         .\Debug/Drunkard.obj
         .\Debug/DrunkardOwnedStates.obj
         .\Debug/EntityManager.obj
         .\Debug/main.obj
         .\Debug/MessageDispatcher.obj
         .\Debug/Miner.obj
         .\Debug/MinerOwnedStates.obj
         .\Debug/MinersWife.obj
         .\Debug/MinersWifeOwnedStates.obj
         .\Debug/CrudeTimer.obj
     1>BaseGameEntity.obj : warning LNK4075: ignoring '/EDITANDCONTINUE' due to '/INCREMENTAL:NO' specification
         WestWorldWithMessaging.vcxproj -> C:\Mockup\WestWorldWithMessaging\.\Debug\WestWorldWithMessaging.exe
       Manifest:
         C:\Program Files (x86)\Microsoft SDKs\Windows\v7.0A\bin\mt.exe /nologo /verbose /outputresource:".\Debug/WestWorldWithMessaging.exe;#1" /manifest .\Debug\WestWorldWithMessaging.exe.intermediate.manifest
       BscMake:
         C:\Program Files (x86)\Microsoft Visual Studio 10.0\VC\bin\bscmake.exe /nologo /o".\Debug/WestWorldWithMessaging.bsc" .\Debug\BaseGameEntity.sbr .\Debug\Drunkard.sbr .\Debug\DrunkardOwnedStates.sbr .\Debug\EntityManager.sbr .\Debug\main.sbr .\Debug\MessageDispatcher.sbr .\Debug\Miner.sbr .\Debug\MinerOwnedStates.sbr .\Debug\MinersWife.sbr .\Debug\MinersWifeOwnedStates.sbr .\Debug\CrudeTimer.sbr
       FinalizeBuildStatus:
         Deleting file ".\Debug\WestWorldWithMessaging.unsuccessfulbuild".
         Touching ".\Debug\WestWorldWithMessaging.lastbuildstate".
     1>Done Building Project "C:\Mockup\WestWorldWithMessaging\WestWorldWithMessaging.vcxproj" (build target(s)).

Build succeeded.

Time Elapsed 00:00:02.02
